Determining if the include file pthread.h exists failed with the following output:
Change Dir: C:/Users/natal/Downloads/glfw-3.3/cmake-build-debug/CMakeFiles/CMakeTmp

Run Build Command(s):C:/MinGW/bin/mingw32-make.exe cmTC_453db/fast && C:/MinGW/bin/mingw32-make.exe -f CMakeFiles\cmTC_453db.dir\build.make CMakeFiles/cmTC_453db.dir/build
mingw32-make.exe[1]: Entering directory 'C:/Users/natal/Downloads/glfw-3.3/cmake-build-debug/CMakeFiles/CMakeTmp'
Building C object CMakeFiles/cmTC_453db.dir/CheckIncludeFile.c.obj
C:\MinGW\bin\gcc.exe    -o CMakeFiles\cmTC_453db.dir\CheckIncludeFile.c.obj   -c C:\Users\natal\Downloads\glfw-3.3\cmake-build-debug\CMakeFiles\CMakeTmp\CheckIncludeFile.c
C:\Users\natal\Downloads\glfw-3.3\cmake-build-debug\CMakeFiles\CMakeTmp\CheckIncludeFile.c:1:10: fatal error: pthread.h: No such file or directory
 #include <pthread.h>
          ^~~~~~~~~~~
compilation terminated.
CMakeFiles\cmTC_453db.dir\build.make:64: recipe for target 'CMakeFiles/cmTC_453db.dir/CheckIncludeFile.c.obj' failed
mingw32-make.exe[1]: *** [CMakeFiles/cmTC_453db.dir/CheckIncludeFile.c.obj] Error 1
mingw32-make.exe[1]: Leaving directory 'C:/Users/natal/Downloads/glfw-3.3/cmake-build-debug/CMakeFiles/CMakeTmp'
Makefile:120: recipe for target 'cmTC_453db/fast' failed
mingw32-make.exe: *** [cmTC_453db/fast] Error 2



Determining if the include file dinput.h exists failed with the following output:
Change Dir: C:/Users/natal/Downloads/glfw-3.3/cmake-build-debug/CMakeFiles/CMakeTmp

Run Build Command(s):C:/MinGW/bin/mingw32-make.exe cmTC_d28aa/fast && C:/MinGW/bin/mingw32-make.exe -f CMakeFiles\cmTC_d28aa.dir\build.make CMakeFiles/cmTC_d28aa.dir/build
mingw32-make.exe[1]: Entering directory 'C:/Users/natal/Downloads/glfw-3.3/cmake-build-debug/CMakeFiles/CMakeTmp'
Building C object CMakeFiles/cmTC_d28aa.dir/CheckIncludeFile.c.obj
C:\MinGW\bin\gcc.exe    -o CMakeFiles\cmTC_d28aa.dir\CheckIncludeFile.c.obj   -c C:\Users\natal\Downloads\glfw-3.3\cmake-build-debug\CMakeFiles\CMakeTmp\CheckIncludeFile.c
C:\Users\natal\Downloads\glfw-3.3\cmake-build-debug\CMakeFiles\CMakeTmp\CheckIncludeFile.c:1:10: fatal error: dinput.h: No such file or directory
 #include <dinput.h>
          ^~~~~~~~~~
compilation terminated.
CMakeFiles\cmTC_d28aa.dir\build.make:64: recipe for target 'CMakeFiles/cmTC_d28aa.dir/CheckIncludeFile.c.obj' failed
mingw32-make.exe[1]: *** [CMakeFiles/cmTC_d28aa.dir/CheckIncludeFile.c.obj] Error 1
mingw32-make.exe[1]: Leaving directory 'C:/Users/natal/Downloads/glfw-3.3/cmake-build-debug/CMakeFiles/CMakeTmp'
Makefile:120: recipe for target 'cmTC_d28aa/fast' failed
mingw32-make.exe: *** [cmTC_d28aa/fast] Error 2



Determining if the include file xinput.h exists failed with the following output:
Change Dir: C:/Users/natal/Downloads/glfw-3.3/cmake-build-debug/CMakeFiles/CMakeTmp

Run Build Command(s):C:/MinGW/bin/mingw32-make.exe cmTC_aab9b/fast && C:/MinGW/bin/mingw32-make.exe -f CMakeFiles\cmTC_aab9b.dir\build.make CMakeFiles/cmTC_aab9b.dir/build
mingw32-make.exe[1]: Entering directory 'C:/Users/natal/Downloads/glfw-3.3/cmake-build-debug/CMakeFiles/CMakeTmp'
Building C object CMakeFiles/cmTC_aab9b.dir/CheckIncludeFile.c.obj
C:\MinGW\bin\gcc.exe    -o CMakeFiles\cmTC_aab9b.dir\CheckIncludeFile.c.obj   -c C:\Users\natal\Downloads\glfw-3.3\cmake-build-debug\CMakeFiles\CMakeTmp\CheckIncludeFile.c
C:\Users\natal\Downloads\glfw-3.3\cmake-build-debug\CMakeFiles\CMakeTmp\CheckIncludeFile.c:1:10: fatal error: xinput.h: No such file or directory
 #include <xinput.h>
          ^~~~~~~~~~
compilation terminated.
CMakeFiles\cmTC_aab9b.dir\build.make:64: recipe for target 'CMakeFiles/cmTC_aab9b.dir/CheckIncludeFile.c.obj' failed
mingw32-make.exe[1]: *** [CMakeFiles/cmTC_aab9b.dir/CheckIncludeFile.c.obj] Error 1
mingw32-make.exe[1]: Leaving directory 'C:/Users/natal/Downloads/glfw-3.3/cmake-build-debug/CMakeFiles/CMakeTmp'
Makefile:120: recipe for target 'cmTC_aab9b/fast' failed
mingw32-make.exe: *** [cmTC_aab9b/fast] Error 2



Performing C SOURCE FILE Test _GLFW_HAS_64ASLR failed with the following output:
Change Dir: C:/Users/natal/Downloads/glfw-3.3/cmake-build-debug/CMakeFiles/CMakeTmp

Run Build Command(s):C:/MinGW/bin/mingw32-make.exe cmTC_0c1df/fast && C:/MinGW/bin/mingw32-make.exe -f CMakeFiles\cmTC_0c1df.dir\build.make CMakeFiles/cmTC_0c1df.dir/build
mingw32-make.exe[1]: Entering directory 'C:/Users/natal/Downloads/glfw-3.3/cmake-build-debug/CMakeFiles/CMakeTmp'
Building C object CMakeFiles/cmTC_0c1df.dir/src.c.obj
C:\MinGW\bin\gcc.exe   -D_GLFW_HAS_64ASLR -Wl,--high-entropy-va   -o CMakeFiles\cmTC_0c1df.dir\src.c.obj   -c C:\Users\natal\Downloads\glfw-3.3\cmake-build-debug\CMakeFiles\CMakeTmp\src.c
Linking C executable cmTC_0c1df.exe
"C:\Program Files\JetBrains\CLion 2019.2.5\bin\cmake\win\bin\cmake.exe" -E cmake_link_script CMakeFiles\cmTC_0c1df.dir\link.txt --verbose=1
"C:\Program Files\JetBrains\CLion 2019.2.5\bin\cmake\win\bin\cmake.exe" -E remove -f CMakeFiles\cmTC_0c1df.dir/objects.a
C:\MinGW\bin\ar.exe cr CMakeFiles\cmTC_0c1df.dir/objects.a @CMakeFiles\cmTC_0c1df.dir\objects1.rsp
C:\MinGW\bin\gcc.exe  -D_GLFW_HAS_64ASLR -Wl,--high-entropy-va    -Wl,--whole-archive CMakeFiles\cmTC_0c1df.dir/objects.a -Wl,--no-whole-archive  -o cmTC_0c1df.exe -Wl,--out-implib,libcmTC_0c1df.dll.a -Wl,--major-image-version,0,--minor-image-version,0 @CMakeFiles\cmTC_0c1df.dir\linklibs.rsp
c:/mingw/bin/../lib/gcc/mingw32/8.2.0/../../../../mingw32/bin/ld.exe: unrecognized option '--high-entropy-va'
c:/mingw/bin/../lib/gcc/mingw32/8.2.0/../../../../mingw32/bin/ld.exe: use the --help option for usage information
collect2.exe: error: ld returned 1 exit status
CMakeFiles\cmTC_0c1df.dir\build.make:87: recipe for target 'cmTC_0c1df.exe' failed
mingw32-make.exe[1]: *** [cmTC_0c1df.exe] Error 1
mingw32-make.exe[1]: Leaving directory 'C:/Users/natal/Downloads/glfw-3.3/cmake-build-debug/CMakeFiles/CMakeTmp'
Makefile:120: recipe for target 'cmTC_0c1df/fast' failed
mingw32-make.exe: *** [cmTC_0c1df/fast] Error 2


Source file was:
int main(void) { return 0; }
